Unity Editor version:    6000.0.35f1 (9a3bc604008a)
Branch:                  6000.0/release
Build type:              Release
Batch mode:              YES
macOS version:           Version 15.3 (Build 24D60)
Darwin version:          24.3.0
Architecture:            arm64
Running under Rosetta:   NO
Available memory:        16384 MB
Using pre-set license
Pro License: YES

COMMAND LINE ARGUMENTS:
/Applications/Unity/Hub/Editor/6000.0.35f1/Unity.app/Contents/MacOS/Unity
-adb2
-batchMode
-noUpm
-name
AssetImportWorker0
-projectPath
/Users/u23143/Documents/GitHub/Sistema-Solar/Sistema Solar
-logFile
Logs/AssetImportWorker0.log
-srvPort
58182
-job-worker-count
3
-background-job-worker-count
8
-gc-helper-count
1
Successfully changed project path to: /Users/u23143/Documents/GitHub/Sistema-Solar/Sistema Solar
/Users/u23143/Documents/GitHub/Sistema-Solar/Sistema Solar
[UnityMemory] Configuration Parameters - Can be set up in boot.config
    "memorysetup-bucket-allocator-granularity=16"
    "memorysetup-bucket-allocator-bucket-count=8"
    "memorysetup-bucket-allocator-block-size=33554432"
    "memorysetup-bucket-allocator-block-count=8"
    "memorysetup-main-allocator-block-size=16777216"
    "memorysetup-thread-allocator-block-size=16777216"
    "memorysetup-gfx-main-allocator-block-size=16777216"
    "memorysetup-gfx-thread-allocator-block-size=16777216"
    "memorysetup-cache-allocator-block-size=4194304"
    "memorysetup-typetree-allocator-block-size=2097152"
    "memorysetup-profiler-bucket-allocator-granularity=16"
    "memorysetup-profiler-bucket-allocator-bucket-count=8"
    "memorysetup-profiler-bucket-allocator-block-size=33554432"
    "memorysetup-profiler-bucket-allocator-block-count=8"
    "memorysetup-profiler-allocator-block-size=16777216"
    "memorysetup-profiler-editor-allocator-block-size=1048576"
    "memorysetup-temp-allocator-size-main=16777216"
    "memorysetup-job-temp-allocator-block-size=2097152"
    "memorysetup-job-temp-allocator-block-size-background=1048576"
    "memorysetup-job-temp-allocator-reduction-small-platforms=262144"
    "memorysetup-allocator-temp-initial-block-size-main=262144"
    "memorysetup-allocator-temp-initial-block-size-worker=262144"
    "memorysetup-temp-allocator-size-background-worker=32768"
    "memorysetup-temp-allocator-size-job-worker=262144"
    "memorysetup-temp-allocator-size-preload-manager=33554432"
    "memorysetup-temp-allocator-size-nav-mesh-worker=65536"
    "memorysetup-temp-allocator-size-audio-worker=65536"
    "memorysetup-temp-allocator-size-cloud-worker=32768"
    "memorysetup-temp-allocator-size-gi-baking-worker=262144"
    "memorysetup-temp-allocator-size-gi-baking-worker=262144"
    "memorysetup-temp-allocator-size-gi-baking-worker=262144"
    "memorysetup-temp-allocator-size-gi-baking-worker=262144"
    "memorysetup-temp-allocator-size-gi-baking-worker=262144"
    "memorysetup-temp-allocator-size-gfx=262144"
Player connection [8474806336]  Target information:

Player connection [8474806336]  * "[IP] 177.220.18.70 [Port] 0 [Flags] 2 [Guid] 3890994067 [EditorId] 3890994067 [Version] 1048832 [Id] OSXEditor(0,LAPA28.local) [Debug] 1 [PackageName] OSXEditor [ProjectName] Editor" 

Player connection [8474806336] Host joined multi-casting on [225.0.0.222:54997]...
Player connection [8474806336] Host joined alternative multi-casting on [225.0.0.222:34997]...
JobSystem: Creating JobQueue using job-worker-count value 3
Input System module state changed to: Initialized.
[Physics::Module] Initialized fallback backend.
[Physics::Module] Id: 0xdecafbad
Library Redirect Path: Library/
[Physics::Module] Selected backend.
[Physics::Module] Name: PhysX
[Physics::Module] Id: 0xf2b8ea05
[Physics::Module] SDK Version: 4.1.2
[Physics::Module] Integration Version: 1.0.0
[Physics::Module] Threading Mode: Multi-Threaded
Refreshing native plugins compatible for Editor in 1.58 ms, found 2 plugins.
Preloading 0 native plugins for Editor in 0.00 ms.
Initialize engine version: 6000.0.35f1 (9a3bc604008a)
[Subsystems] Discovering subsystems at path /Applications/Unity/Hub/Editor/6000.0.35f1/Unity.app/Contents/Resources/UnitySubsystems
[Subsystems] Discovering subsystems at path /Users/u23143/Documents/GitHub/Sistema-Solar/Sistema Solar/Assets
GfxDevice: creating device client; kGfxThreadingModeNonThreaded
 preferred device: Apple M1 (high power)
Metal devices available: 1
0: Apple M1 (high power)
Using device Apple M1 (high power)
Initializing Metal device caps: Apple M1
Initialize mono
Mono path[0] = '/Applications/Unity/Hub/Editor/6000.0.35f1/Unity.app/Contents/Managed'
Mono path[1] = '/Applications/Unity/Hub/Editor/6000.0.35f1/Unity.app/Contents/MonoBleedingEdge/lib/mono/unityjit-macos'
Mono config path = '/Applications/Unity/Hub/Editor/6000.0.35f1/Unity.app/Contents/MonoBleedingEdge/etc'
Using monoOptions --debugger-agent=transport=dt_socket,embedding=1,server=y,suspend=n,address=127.0.0.1:56107
Begin MonoManager ReloadAssembly
Registering precompiled unity dll's ...
Register platform support module: /Applications/Unity/Hub/Editor/6000.0.35f1/PlaybackEngines/WebGLSupport/UnityEditor.WebGL.Extensions.dll
Register platform support module: /Applications/Unity/Hub/Editor/6000.0.35f1/Unity.app/Contents/PlaybackEngines/MacStandaloneSupport/UnityEditor.OSXStandalone.Extensions.dll
Register platform support module: /Applications/Unity/Hub/Editor/6000.0.35f1/PlaybackEngines/WindowsStandaloneSupport/UnityEditor.WindowsStandalone.Extensions.dll
Register platform support module: /Applications/Unity/Hub/Editor/6000.0.35f1/PlaybackEngines/AndroidPlayer/UnityEditor.Android.Extensions.dll
Registered in 0.004813 seconds.
- Loaded All Assemblies, in  0.342 seconds
Native extension for Android target not found
Android Extension - Scanning For ADB Devices 103 ms
Native extension for WindowsStandalone target not found
Native extension for OSXStandalone target not found
Native extension for WebGL target not found
Mono: successfully reloaded assembly
- Finished resetting the current domain, in  0.433 seconds
Domain Reload Profiling: 776ms
	BeginReloadAssembly (110ms)
		ExecutionOrderSort (0ms)
		DisableScriptedObjects (0ms)
		BackupInstance (0ms)
		ReleaseScriptingObjects (0ms)
		CreateAndSetChildDomain (1ms)
	RebuildCommonClasses (33ms)
	RebuildNativeTypeToScriptingClass (10ms)
	initialDomainReloadingComplete (42ms)
	LoadAllAssembliesAndSetupDomain (147ms)
		LoadAssemblies (111ms)
		RebuildTransferFunctionScriptingTraits (0ms)
		AnalyzeDomain (142ms)
			TypeCache.Refresh (141ms)
				TypeCache.ScanAssembly (126ms)
			BuildScriptInfoCaches (0ms)
			ResolveRequiredComponents (1ms)
	FinalizeReload (434ms)
		ReleaseScriptCaches (0ms)
		RebuildScriptCaches (0ms)
		SetupLoadedEditorAssemblies (394ms)
			LogAssemblyErrors (0ms)
			InitializePlatformSupportModulesInManaged (189ms)
			SetLoadedEditorAssemblies (4ms)
			BeforeProcessingInitializeOnLoad (45ms)
			ProcessInitializeOnLoadAttributes (99ms)
			ProcessInitializeOnLoadMethodAttributes (56ms)
			AfterProcessingInitializeOnLoad (0ms)
			EditorAssembliesLoaded (0ms)
		ExecutionOrderSort2 (0ms)
		AwakeInstancesAfterBackupRestoration (0ms)
========================================================================
Worker process is ready to serve import requests
Import Worker Mode flag is 0x00
Begin MonoManager ReloadAssembly
- Loaded All Assemblies, in  0.642 seconds
Refreshing native plugins compatible for Editor in 0.49 ms, found 2 plugins.
Native extension for Android target not found
Native extension for WindowsStandalone target not found
Native extension for OSXStandalone target not found
Native extension for WebGL target not found
Mono: successfully reloaded assembly
- Finished resetting the current domain, in  0.659 seconds
Domain Reload Profiling: 1298ms
	BeginReloadAssembly (108ms)
		ExecutionOrderSort (0ms)
		DisableScriptedObjects (5ms)
		BackupInstance (0ms)
		ReleaseScriptingObjects (0ms)
		CreateAndSetChildDomain (34ms)
	RebuildCommonClasses (30ms)
	RebuildNativeTypeToScriptingClass (10ms)
	initialDomainReloadingComplete (27ms)
	LoadAllAssembliesAndSetupDomain (464ms)
		LoadAssemblies (307ms)
		RebuildTransferFunctionScriptingTraits (0ms)
		AnalyzeDomain (201ms)
			TypeCache.Refresh (161ms)
				TypeCache.ScanAssembly (143ms)
			BuildScriptInfoCaches (30ms)
			ResolveRequiredComponents (9ms)
	FinalizeReload (659ms)
		ReleaseScriptCaches (0ms)
		RebuildScriptCaches (0ms)
		SetupLoadedEditorAssemblies (488ms)
			LogAssemblyErrors (0ms)
			InitializePlatformSupportModulesInManaged (11ms)
			SetLoadedEditorAssemblies (6ms)
			BeforeProcessingInitializeOnLoad (82ms)
			ProcessInitializeOnLoadAttributes (305ms)
			ProcessInitializeOnLoadMethodAttributes (84ms)
			AfterProcessingInitializeOnLoad (1ms)
			EditorAssembliesLoaded (0ms)
		ExecutionOrderSort2 (0ms)
		AwakeInstancesAfterBackupRestoration (2ms)
Launching external process: /Applications/Unity/Hub/Editor/6000.0.35f1/Unity.app/Contents/Tools/UnityShaderCompiler
Launched and connected shader compiler UnityShaderCompiler after 0.09 seconds
Refreshing native plugins compatible for Editor in 0.32 ms, found 2 plugins.
Preloading 0 native plugins for Editor in 0.00 ms.
Unloading 198 Unused Serialized files (Serialized files now loaded: 0)
Unloading 5947 unused Assets / (3.1 MB). Loaded Objects now: 6634.
Memory consumption went from 152.0 MB to 148.8 MB.
Total: 6.697625 ms (FindLiveObjects: 0.465125 ms CreateObjectMapping: 0.194792 ms MarkObjects: 4.435500 ms  DeleteObjects: 1.601416 ms)

========================================================================
Received Import Request.
  Time since last request: 365307.438685 seconds.
  path: Assets/Sounds/Mercurio.mp3
  artifactKey: Guid(fc976adb120df4b6798d9d5ef7e96f52) Importer(815301076,1909f56bfc062723c751e8b465ee728b)
Start importing Assets/Sounds/Mercurio.mp3 using Guid(fc976adb120df4b6798d9d5ef7e96f52) Importer(815301076,1909f56bfc062723c751e8b465ee728b) (PreviewImporter) -> (artifact id: 'f4c093cd54bd597a1629e7dbeb3d467b') in 0.089351 seconds
Number of updated asset objects reloaded before import = 0Number of asset objects unloaded after import = 2

========================================================================
Received Import Request.
  Time since last request: 0.000051 seconds.
  path: Assets/Sounds/Netuno.mp3
  artifactKey: Guid(c64b3741597c349b3993e935a919b223) Importer(815301076,1909f56bfc062723c751e8b465ee728b)
Start importing Assets/Sounds/Netuno.mp3 using Guid(c64b3741597c349b3993e935a919b223) Importer(815301076,1909f56bfc062723c751e8b465ee728b) (PreviewImporter) -> (artifact id: '2d2f276590d2e65fc689d0806b60e087') in 0.004424042 seconds
Number of updated asset objects reloaded before import = 0Number of asset objects unloaded after import = 2

========================================================================
Received Import Request.
  Time since last request: 0.000065 seconds.
  path: Assets/Sounds/C.mp3
  artifactKey: Guid(94bac115be4554bbea08021e8af95c87) Importer(815301076,1909f56bfc062723c751e8b465ee728b)
Start importing Assets/Sounds/C.mp3 using Guid(94bac115be4554bbea08021e8af95c87) Importer(815301076,1909f56bfc062723c751e8b465ee728b) (PreviewImporter) -> (artifact id: '57687b8831252ca505b7ecc5a0660a66') in 0.003553792 seconds
Number of updated asset objects reloaded before import = 0Number of asset objects unloaded after import = 2

========================================================================
Received Import Request.
  Time since last request: 0.000102 seconds.
  path: Assets/Sounds/B.mp3
  artifactKey: Guid(a8a0f1626e2bb4542826ce832e0f4039) Importer(815301076,1909f56bfc062723c751e8b465ee728b)
Start importing Assets/Sounds/B.mp3 using Guid(a8a0f1626e2bb4542826ce832e0f4039) Importer(815301076,1909f56bfc062723c751e8b465ee728b) (PreviewImporter) -> (artifact id: '94d6ee47454224e8213390191671ce47') in 0.004894541 seconds
Number of updated asset objects reloaded before import = 0Number of asset objects unloaded after import = 2

========================================================================
Received Import Request.
  Time since last request: 0.000077 seconds.
  path: Assets/Sounds/E.mp3
  artifactKey: Guid(39b24688c55404ecd9bd58ca2ffa10ad) Importer(815301076,1909f56bfc062723c751e8b465ee728b)
Start importing Assets/Sounds/E.mp3 using Guid(39b24688c55404ecd9bd58ca2ffa10ad) Importer(815301076,1909f56bfc062723c751e8b465ee728b) (PreviewImporter) -> (artifact id: 'dd0e1d7464d008153b5ece5e923e310b') in 0.005498417 seconds
Number of updated asset objects reloaded before import = 0Number of asset objects unloaded after import = 2

========================================================================
Received Import Request.
  Time since last request: 0.000083 seconds.
  path: Assets/Sounds/Marte.mp3
  artifactKey: Guid(53a84f243deca4729919894321777955) Importer(815301076,1909f56bfc062723c751e8b465ee728b)
Start importing Assets/Sounds/Marte.mp3 using Guid(53a84f243deca4729919894321777955) Importer(815301076,1909f56bfc062723c751e8b465ee728b) (PreviewImporter) -> (artifact id: 'af5b66ec8fbf5b92cbe88871148ce570') in 0.004124292 seconds
Number of updated asset objects reloaded before import = 0Number of asset objects unloaded after import = 2

========================================================================
Received Import Request.
  Time since last request: 0.000051 seconds.
  path: Assets/Sounds/G.mp3
  artifactKey: Guid(3a2ea7626e82c4bff9a78eacabefe791) Importer(815301076,1909f56bfc062723c751e8b465ee728b)
Start importing Assets/Sounds/G.mp3 using Guid(3a2ea7626e82c4bff9a78eacabefe791) Importer(815301076,1909f56bfc062723c751e8b465ee728b) (PreviewImporter) -> (artifact id: '61a631391e438023dcf5b8553aaee635') in 0.0047435 seconds
Number of updated asset objects reloaded before import = 0Number of asset objects unloaded after import = 2

========================================================================
Received Import Request.
  Time since last request: 0.000065 seconds.
  path: Assets/Sounds/D.mp3
  artifactKey: Guid(25eab193de43a4dc0a931b10663ebc56) Importer(815301076,1909f56bfc062723c751e8b465ee728b)
Start importing Assets/Sounds/D.mp3 using Guid(25eab193de43a4dc0a931b10663ebc56) Importer(815301076,1909f56bfc062723c751e8b465ee728b) (PreviewImporter) -> (artifact id: '519bc4c653af1f26714c03acac2cc86e') in 0.006292625 seconds
Number of updated asset objects reloaded before import = 0Number of asset objects unloaded after import = 2

========================================================================
Received Import Request.
  Time since last request: 0.000130 seconds.
  path: Assets/Sounds/H.mp3
  artifactKey: Guid(ca22d55a817104b47ad8202fd1258959) Importer(815301076,1909f56bfc062723c751e8b465ee728b)
Start importing Assets/Sounds/H.mp3 using Guid(ca22d55a817104b47ad8202fd1258959) Importer(815301076,1909f56bfc062723c751e8b465ee728b) (PreviewImporter) -> (artifact id: '548b6a4e6979484314a2217a7622833a') in 0.007064375 seconds
Number of updated asset objects reloaded before import = 0Number of asset objects unloaded after import = 2

========================================================================
Received Import Request.
  Time since last request: 0.000065 seconds.
  path: Assets/Sounds/Venus.mp3
  artifactKey: Guid(ca585638cc8da43649569c52576da259) Importer(815301076,1909f56bfc062723c751e8b465ee728b)
Start importing Assets/Sounds/Venus.mp3 using Guid(ca585638cc8da43649569c52576da259) Importer(815301076,1909f56bfc062723c751e8b465ee728b) (PreviewImporter) -> (artifact id: 'ffa8702aa7e563548abf20085aca8dde') in 0.005443625 seconds
Number of updated asset objects reloaded before import = 0Number of asset objects unloaded after import = 2

========================================================================
Received Import Request.
  Time since last request: 0.000103 seconds.
  path: Assets/Sounds/Urano.mp3
  artifactKey: Guid(7c53d4c82aa5a4caea295a5ec945690f) Importer(815301076,1909f56bfc062723c751e8b465ee728b)
Start importing Assets/Sounds/Urano.mp3 using Guid(7c53d4c82aa5a4caea295a5ec945690f) Importer(815301076,1909f56bfc062723c751e8b465ee728b) (PreviewImporter) -> (artifact id: '04ba45b78132c789c17f459ad102d36c') in 0.004056458 seconds
Number of updated asset objects reloaded before import = 0Number of asset objects unloaded after import = 2

========================================================================
Received Import Request.
  Time since last request: 0.000037 seconds.
  path: Assets/Sounds
  artifactKey: Guid(7947e3874e5c94ea88544377f375de7a) Importer(815301076,1909f56bfc062723c751e8b465ee728b)
Start importing Assets/Sounds using Guid(7947e3874e5c94ea88544377f375de7a) Importer(815301076,1909f56bfc062723c751e8b465ee728b) (PreviewImporter) -> (artifact id: 'a8d8a65e5aa51667cd90eb4873b0d11f') in 0.000308 seconds
Number of updated asset objects reloaded before import = 0Number of asset objects unloaded after import = 0

========================================================================
Received Import Request.
  Time since last request: 0.000088 seconds.
  path: Assets/Sounds/Saturno.mp3
  artifactKey: Guid(a6bbb33b56c894175aaa17a458bfaace) Importer(815301076,1909f56bfc062723c751e8b465ee728b)
Start importing Assets/Sounds/Saturno.mp3 using Guid(a6bbb33b56c894175aaa17a458bfaace) Importer(815301076,1909f56bfc062723c751e8b465ee728b) (PreviewImporter) -> (artifact id: '4f360f8a0984241c3523606e3fa1549f') in 0.003873041 seconds
Number of updated asset objects reloaded before import = 0Number of asset objects unloaded after import = 2

========================================================================
Received Import Request.
  Time since last request: 0.000138 seconds.
  path: Assets/Sounds/earth.mp3
  artifactKey: Guid(c43e952aea4e14a2893e91ef2cd4b481) Importer(815301076,1909f56bfc062723c751e8b465ee728b)
Start importing Assets/Sounds/earth.mp3 using Guid(c43e952aea4e14a2893e91ef2cd4b481) Importer(815301076,1909f56bfc062723c751e8b465ee728b) (PreviewImporter) -> (artifact id: '06aa7023aa9f370b495284f7914a58d2') in 0.004153125 seconds
Number of updated asset objects reloaded before import = 0Number of asset objects unloaded after import = 2

========================================================================
Received Import Request.
  Time since last request: 0.000076 seconds.
  path: Assets/Sounds/F.mp3
  artifactKey: Guid(b5718b8487e534cf7b9897e6541aad03) Importer(815301076,1909f56bfc062723c751e8b465ee728b)
Start importing Assets/Sounds/F.mp3 using Guid(b5718b8487e534cf7b9897e6541aad03) Importer(815301076,1909f56bfc062723c751e8b465ee728b) (PreviewImporter) -> (artifact id: 'b4185ffd29a24fcc0120d1ce6770f14c') in 0.003997541 seconds
Number of updated asset objects reloaded before import = 0Number of asset objects unloaded after import = 2

========================================================================
Received Import Request.
  Time since last request: 0.000081 seconds.
  path: Assets/Sounds/Jupiter.mp3
  artifactKey: Guid(1a3011941f8734b56a86bbd5217c6ce2) Importer(815301076,1909f56bfc062723c751e8b465ee728b)
Start importing Assets/Sounds/Jupiter.mp3 using Guid(1a3011941f8734b56a86bbd5217c6ce2) Importer(815301076,1909f56bfc062723c751e8b465ee728b) (PreviewImporter) -> (artifact id: 'defb57aa76a1f26013b28774b534a8d6') in 0.003602792 seconds
Number of updated asset objects reloaded before import = 0Number of asset objects unloaded after import = 2

========================================================================
Received Import Request.
  Time since last request: 161.436604 seconds.
  path: Assets/Materials/Sol Material.mat
  artifactKey: Guid(6ad37f480975d4bb985010192e468f4c) Importer(815301076,1909f56bfc062723c751e8b465ee728b)
Start importing Assets/Materials/Sol Material.mat using Guid(6ad37f480975d4bb985010192e468f4c) Importer(815301076,1909f56bfc062723c751e8b465ee728b) (PreviewImporter) -> (artifact id: '7abcb3f0606bd29a0879bf6ef3932938') in 0.489070667 seconds
Number of updated asset objects reloaded before import = 0Number of asset objects unloaded after import = 1

========================================================================
Received Import Request.
  Time since last request: 258.397573 seconds.
  path: Assets/Textures/deimosmap.png
  artifactKey: Guid(8937328da5c9a4edfaffcec199842a52) Importer(815301076,1909f56bfc062723c751e8b465ee728b)
Start importing Assets/Textures/deimosmap.png using Guid(8937328da5c9a4edfaffcec199842a52) Importer(815301076,1909f56bfc062723c751e8b465ee728b) (PreviewImporter) -> (artifact id: '461869fa0b6c6f9881bae7bfa6e8fb24') in 0.042578791 seconds
Number of updated asset objects reloaded before import = 0Number of asset objects unloaded after import = 2

========================================================================
Received Import Request.
  Time since last request: 0.000125 seconds.
  path: Assets/Textures/Reiamap.jpg
  artifactKey: Guid(1c3504dd5883f4935925587b709409a7) Importer(815301076,1909f56bfc062723c751e8b465ee728b)
Start importing Assets/Textures/Reiamap.jpg using Guid(1c3504dd5883f4935925587b709409a7) Importer(815301076,1909f56bfc062723c751e8b465ee728b) (PreviewImporter) -> (artifact id: 'd4a4f72d0642eba57b056eee27757443') in 0.004731959 seconds
Number of updated asset objects reloaded before import = 0Number of asset objects unloaded after import = 2

========================================================================
Received Import Request.
  Time since last request: 115.596444 seconds.
  path: Assets/Materials/arielMap.mat
  artifactKey: Guid(a1cff862b20c8485e9e9062507ca28d7) Importer(815301076,1909f56bfc062723c751e8b465ee728b)
Start importing Assets/Materials/arielMap.mat using Guid(a1cff862b20c8485e9e9062507ca28d7) Importer(815301076,1909f56bfc062723c751e8b465ee728b) (PreviewImporter) -> (artifact id: 'ac96397e09142baad1513a16f26b3a63') in 0.060264541 seconds
Number of updated asset objects reloaded before import = 0Number of asset objects unloaded after import = 2

========================================================================
Received Import Request.
  Time since last request: 0.000623 seconds.
  path: Assets/Materials/fobos.mat
  artifactKey: Guid(7e6bc555a4f0e45c79168ce3eb6e3500) Importer(815301076,1909f56bfc062723c751e8b465ee728b)
Start importing Assets/Materials/fobos.mat using Guid(7e6bc555a4f0e45c79168ce3eb6e3500) Importer(815301076,1909f56bfc062723c751e8b465ee728b) (PreviewImporter) -> (artifact id: '092e216badaa751c54645d2d1d639c2e') in 0.007072042 seconds
Number of updated asset objects reloaded before import = 0Number of asset objects unloaded after import = 2

========================================================================
Received Import Request.
  Time since last request: 0.000031 seconds.
  path: Assets/Materials/Reia.mat
  artifactKey: Guid(9019fb0cc0c54413f8c118d871699f1f) Importer(815301076,1909f56bfc062723c751e8b465ee728b)
Start importing Assets/Materials/Reia.mat using Guid(9019fb0cc0c54413f8c118d871699f1f) Importer(815301076,1909f56bfc062723c751e8b465ee728b) (PreviewImporter) -> (artifact id: '85284fa6397ec507d444e22a40439b37') in 0.008301083 seconds
Number of updated asset objects reloaded before import = 0Number of asset objects unloaded after import = 2

